{"C:\\Users\\gabriel.herter\\PersonalProjects\\FeeDget\\web\\server\\src\\usecases\\submit-feedback-use-case.ts": {"path":"C:\\Users\\gabriel.herter\\PersonalProjects\\FeeDget\\web\\server\\src\\usecases\\submit-feedback-use-case.ts","all":false,"statementMap":{"0":{"start":{"line":1,"column":0},"end":{"line":1,"column":73}},"1":{"start":{"line":2,"column":0},"end":{"line":2,"column":53}},"2":{"start":{"line":3,"column":0},"end":{"line":3,"column":0}},"3":{"start":{"line":4,"column":0},"end":{"line":4,"column":40}},"4":{"start":{"line":5,"column":0},"end":{"line":5,"column":17}},"5":{"start":{"line":6,"column":0},"end":{"line":6,"column":20}},"6":{"start":{"line":7,"column":0},"end":{"line":7,"column":24}},"7":{"start":{"line":8,"column":0},"end":{"line":8,"column":1}},"8":{"start":{"line":9,"column":0},"end":{"line":9,"column":0}},"9":{"start":{"line":10,"column":0},"end":{"line":10,"column":36}},"10":{"start":{"line":11,"column":0},"end":{"line":11,"column":0}},"11":{"start":{"line":12,"column":0},"end":{"line":12,"column":16}},"12":{"start":{"line":13,"column":0},"end":{"line":13,"column":57}},"13":{"start":{"line":14,"column":0},"end":{"line":14,"column":43}},"14":{"start":{"line":15,"column":0},"end":{"line":15,"column":5}},"15":{"start":{"line":16,"column":0},"end":{"line":16,"column":0}},"16":{"start":{"line":17,"column":0},"end":{"line":17,"column":58}},"17":{"start":{"line":18,"column":0},"end":{"line":18,"column":51}},"18":{"start":{"line":19,"column":0},"end":{"line":19,"column":0}},"19":{"start":{"line":20,"column":0},"end":{"line":20,"column":125}},"20":{"start":{"line":21,"column":0},"end":{"line":21,"column":54}},"21":{"start":{"line":22,"column":0},"end":{"line":22,"column":60}},"22":{"start":{"line":23,"column":0},"end":{"line":23,"column":0}},"23":{"start":{"line":24,"column":0},"end":{"line":24,"column":47}},"24":{"start":{"line":25,"column":0},"end":{"line":25,"column":37}},"25":{"start":{"line":26,"column":0},"end":{"line":26,"column":10}},"26":{"start":{"line":27,"column":0},"end":{"line":27,"column":0}},"27":{"start":{"line":28,"column":0},"end":{"line":28,"column":41}},"28":{"start":{"line":29,"column":0},"end":{"line":29,"column":36}},"29":{"start":{"line":30,"column":0},"end":{"line":30,"column":173}},"30":{"start":{"line":31,"column":0},"end":{"line":31,"column":10}},"31":{"start":{"line":32,"column":0},"end":{"line":32,"column":0}},"32":{"start":{"line":33,"column":0},"end":{"line":33,"column":5}},"33":{"start":{"line":34,"column":0},"end":{"line":34,"column":1}}},"s":{"0":1,"1":1,"2":1,"3":1,"4":1,"5":1,"6":1,"7":1,"8":1,"9":1,"10":1,"11":1,"12":1,"13":1,"14":1,"15":1,"16":1,"17":4,"18":4,"19":4,"20":4,"21":4,"22":1,"23":1,"24":1,"25":1,"26":1,"27":1,"28":1,"29":1,"30":1,"31":1,"32":1,"33":1},"branchMap":{"0":{"type":"branch","line":17,"loc":{"start":{"line":17,"column":4},"end":{"line":33,"column":5}},"locations":[{"start":{"line":17,"column":4},"end":{"line":33,"column":5}}]},"1":{"type":"branch","line":20,"loc":{"start":{"line":20,"column":75},"end":{"line":20,"column":125}},"locations":[{"start":{"line":20,"column":75},"end":{"line":20,"column":125}}]},"2":{"type":"branch","line":21,"loc":{"start":{"line":21,"column":-2},"end":{"line":21,"column":19}},"locations":[{"start":{"line":21,"column":-2},"end":{"line":21,"column":19}}]},"3":{"type":"branch","line":21,"loc":{"start":{"line":21,"column":19},"end":{"line":21,"column":54}},"locations":[{"start":{"line":21,"column":19},"end":{"line":21,"column":54}}]},"4":{"type":"branch","line":22,"loc":{"start":{"line":22,"column":-2},"end":{"line":22,"column":22}},"locations":[{"start":{"line":22,"column":-2},"end":{"line":22,"column":22}}]},"5":{"type":"branch","line":22,"loc":{"start":{"line":22,"column":22},"end":{"line":33,"column":5}},"locations":[{"start":{"line":22,"column":22},"end":{"line":33,"column":5}}]},"6":{"type":"branch","line":12,"loc":{"start":{"line":12,"column":4},"end":{"line":15,"column":5}},"locations":[{"start":{"line":12,"column":4},"end":{"line":15,"column":5}}]}},"b":{"0":[4],"1":[1],"2":[3],"3":[1],"4":[2],"5":[1],"6":[1]},"fnMap":{"0":{"name":"execute","decl":{"start":{"line":17,"column":4},"end":{"line":33,"column":5}},"loc":{"start":{"line":17,"column":4},"end":{"line":33,"column":5}},"line":17},"1":{"name":"SubmitFeedbackUseCase","decl":{"start":{"line":12,"column":4},"end":{"line":15,"column":5}},"loc":{"start":{"line":12,"column":4},"end":{"line":15,"column":5}},"line":12}},"f":{"0":4,"1":1}}
}
